<?xml version="1.0" encoding="UTF-8"?>
<!-- Generated by org.testng.reporters.JUnitXMLReporter -->
<testsuite hostname="Ramesh" ignored="0" name="Test" tests="4" failures="3" timestamp="15 Feb 2019 08:45:29 GMT" time="67.045" errors="0">
  <testcase name="VerifyLoginTestData" time="7.399" classname="com.crm.testCases.LoginTest"/>
  <testcase name="VerifyLoginTestData" time="5.652" classname="com.crm.testCases.LoginTest">
    <failure type="java.lang.AssertionError" message="expected [CRMPRO - CRM software for customer relationship management, sales, and support.] but found [CRMPRO]">
      <![CDATA[java.lang.AssertionError: expected [CRMPRO - CRM software for customer relationship management, sales, and support.] but found [CRMPRO]
	at com.crm.testCases.LoginTest.VerifyLoginTestData(LoginTest.java:32)
... Removed 31 stack frames]]>
    </failure>
  </testcase> <!-- VerifyLoginTestData -->
  <testcase name="VerifyLoginTestData" time="5.513" classname="com.crm.testCases.LoginTest">
    <failure type="java.lang.AssertionError" message="expected [CRMPRO - CRM software for customer relationship management, sales, and support.] but found [CRMPRO]">
      <![CDATA[java.lang.AssertionError: expected [CRMPRO - CRM software for customer relationship management, sales, and support.] but found [CRMPRO]
	at com.crm.testCases.LoginTest.VerifyLoginTestData(LoginTest.java:32)
... Removed 31 stack frames]]>
    </failure>
  </testcase> <!-- VerifyLoginTestData -->
  <testcase name="VerifyLoginTestData" time="5.546" classname="com.crm.testCases.LoginTest">
    <failure type="java.lang.AssertionError" message="expected [CRMPRO - CRM software for customer relationship management, sales, and support.] but found [CRMPRO]">
      <![CDATA[java.lang.AssertionError: expected [CRMPRO - CRM software for customer relationship management, sales, and support.] but found [CRMPRO]
	at com.crm.testCases.LoginTest.VerifyLoginTestData(LoginTest.java:32)
... Removed 31 stack frames]]>
    </failure>
  </testcase> <!-- VerifyLoginTestData -->
</testsuite> <!-- Test -->
